#! /usr/bin/vvp
:ivl_version "12.0 (stable)";
:ivl_delay_selection "TYPICAL";
:vpi_time_precision + 0;
:vpi_module "/usr/lib/x86_64-linux-gnu/ivl/system.vpi";
:vpi_module "/usr/lib/x86_64-linux-gnu/ivl/vhdl_sys.vpi";
:vpi_module "/usr/lib/x86_64-linux-gnu/ivl/vhdl_textio.vpi";
:vpi_module "/usr/lib/x86_64-linux-gnu/ivl/v2005_math.vpi";
:vpi_module "/usr/lib/x86_64-linux-gnu/ivl/va_math.vpi";
S_0x55e863ecb1e0 .scope module, "first" "first" 2 1;
 .timescale 0 0;
    .port_info 0 /INPUT 1 "a";
    .port_info 1 /INPUT 1 "b";
    .port_info 2 /OUTPUT 1 "out";
    .port_info 3 /INPUT 1 "clk";
o0x7fe2d26d8018 .functor BUFZ 1, C4<z>; HiZ drive
v0x55e863ecb400_0 .net "a", 0 0, o0x7fe2d26d8018;  0 drivers
o0x7fe2d26d8048 .functor BUFZ 1, C4<z>; HiZ drive
v0x55e863f121a0_0 .net "b", 0 0, o0x7fe2d26d8048;  0 drivers
o0x7fe2d26d8078 .functor BUFZ 1, C4<z>; HiZ drive
v0x55e863f12260_0 .net "clk", 0 0, o0x7fe2d26d8078;  0 drivers
v0x55e863f12330_0 .var "out", 0 0;
E_0x55e863ecba90 .event anyedge, v0x55e863f12260_0, v0x55e863f121a0_0, v0x55e863ecb400_0;
    .scope S_0x55e863ecb1e0;
T_0 ;
    %wait E_0x55e863ecba90;
    %load/vec4 v0x55e863f12260_0;
    %pad/u 32;
    %cmpi/e 0, 0, 32;
    %jmp/0xz  T_0.0, 4;
    %load/vec4 v0x55e863ecb400_0;
    %store/vec4 v0x55e863f12330_0, 0, 1;
    %jmp T_0.1;
T_0.0 ;
    %load/vec4 v0x55e863f121a0_0;
    %store/vec4 v0x55e863f12330_0, 0, 1;
T_0.1 ;
    %jmp T_0;
    .thread T_0, $push;
# The file index is used to find the file name in the following table.
:file_names 3;
    "N/A";
    "<interactive>";
    "first.v";
