#! /usr/bin/vvp
:ivl_version "12.0 (stable)";
:ivl_delay_selection "TYPICAL";
:vpi_time_precision + 0;
:vpi_module "/usr/lib/x86_64-linux-gnu/ivl/system.vpi";
:vpi_module "/usr/lib/x86_64-linux-gnu/ivl/vhdl_sys.vpi";
:vpi_module "/usr/lib/x86_64-linux-gnu/ivl/vhdl_textio.vpi";
:vpi_module "/usr/lib/x86_64-linux-gnu/ivl/v2005_math.vpi";
:vpi_module "/usr/lib/x86_64-linux-gnu/ivl/va_math.vpi";
S_0x55f576a611c0 .scope module, "counter_4b" "counter_4b" 2 1;
 .timescale 0 0;
    .port_info 0 /INPUT 1 "clk";
    .port_info 1 /INPUT 1 "rstn";
    .port_info 2 /OUTPUT 4 "nums";
    .port_info 3 /OUTPUT 1 "cout";
o0x7f177da70018 .functor BUFZ 1, C4<z>; HiZ drive
v0x55f576a63030_0 .net "clk", 0 0, o0x7f177da70018;  0 drivers
v0x55f576aaa3a0_0 .var "cout", 0 0;
v0x55f576aaa460_0 .var "nums", 3 0;
o0x7f177da700a8 .functor BUFZ 1, C4<z>; HiZ drive
v0x55f576aaa550_0 .net "rstn", 0 0, o0x7f177da700a8;  0 drivers
E_0x55f576a9a080/0 .event negedge, v0x55f576aaa550_0;
E_0x55f576a9a080/1 .event posedge, v0x55f576a63030_0;
E_0x55f576a9a080 .event/or E_0x55f576a9a080/0, E_0x55f576a9a080/1;
    .scope S_0x55f576a611c0;
T_0 ;
    %pushi/vec4 0, 0, 4;
    %assign/vec4 v0x55f576aaa460_0, 0;
    %pushi/vec4 0, 0, 1;
    %assign/vec4 v0x55f576aaa3a0_0, 0;
    %end;
    .thread T_0;
    .scope S_0x55f576a611c0;
T_1 ;
    %wait E_0x55f576a9a080;
    %load/vec4 v0x55f576aaa550_0;
    %nor/r;
    %flag_set/vec4 8;
    %jmp/0xz  T_1.0, 8;
    %pushi/vec4 0, 0, 4;
    %assign/vec4 v0x55f576aaa460_0, 0;
    %jmp T_1.1;
T_1.0 ;
    %load/vec4 v0x55f576aaa460_0;
    %cmpi/e 15, 0, 4;
    %jmp/0xz  T_1.2, 4;
    %pushi/vec4 1, 0, 1;
    %assign/vec4 v0x55f576aaa3a0_0, 0;
    %pushi/vec4 0, 0, 4;
    %assign/vec4 v0x55f576aaa460_0, 0;
    %jmp T_1.3;
T_1.2 ;
    %pushi/vec4 0, 0, 1;
    %assign/vec4 v0x55f576aaa3a0_0, 0;
    %load/vec4 v0x55f576aaa460_0;
    %addi 1, 0, 4;
    %assign/vec4 v0x55f576aaa460_0, 0;
T_1.3 ;
T_1.1 ;
    %jmp T_1;
    .thread T_1;
# The file index is used to find the file name in the following table.
:file_names 3;
    "N/A";
    "<interactive>";
    "counter_4b.v";
