#! /usr/bin/vvp
:ivl_version "12.0 (stable)";
:ivl_delay_selection "TYPICAL";
:vpi_time_precision - 12;
:vpi_module "/usr/lib/x86_64-linux-gnu/ivl/system.vpi";
:vpi_module "/usr/lib/x86_64-linux-gnu/ivl/vhdl_sys.vpi";
:vpi_module "/usr/lib/x86_64-linux-gnu/ivl/vhdl_textio.vpi";
:vpi_module "/usr/lib/x86_64-linux-gnu/ivl/v2005_math.vpi";
:vpi_module "/usr/lib/x86_64-linux-gnu/ivl/va_math.vpi";
S_0x55fdbe85e2b0 .scope module, "tb_counter_4b" "tb_counter_4b" 2 5;
 .timescale -9 -12;
P_0x55fdbe85e440 .param/l "PERIOD" 0 2 8, +C4<00000000000000000000000000001010>;
v0x55fdbe871e10_0 .var "clk", 0 0;
v0x55fdbe871f00_0 .net "cout", 0 0, v0x55fdbe871af0_0;  1 drivers
v0x55fdbe871fd0_0 .net "nums", 3 0, v0x55fdbe871bb0_0;  1 drivers
v0x55fdbe8720d0_0 .var "rstn", 0 0;
S_0x55fdbe85e4e0 .scope module, "u_counter_4b" "counter_4b" 2 30, 3 1 0, S_0x55fdbe85e2b0;
 .timescale -9 -12;
    .port_info 0 /INPUT 1 "clk";
    .port_info 1 /INPUT 1 "rstn";
    .port_info 2 /OUTPUT 4 "nums";
    .port_info 3 /OUTPUT 1 "cout";
v0x55fdbe8230f0_0 .net "clk", 0 0, v0x55fdbe871e10_0;  1 drivers
v0x55fdbe871af0_0 .var "cout", 0 0;
v0x55fdbe871bb0_0 .var "nums", 3 0;
v0x55fdbe871ca0_0 .net "rstn", 0 0, v0x55fdbe8720d0_0;  1 drivers
E_0x55fdbe85c120/0 .event negedge, v0x55fdbe871ca0_0;
E_0x55fdbe85c120/1 .event posedge, v0x55fdbe8230f0_0;
E_0x55fdbe85c120 .event/or E_0x55fdbe85c120/0, E_0x55fdbe85c120/1;
    .scope S_0x55fdbe85e4e0;
T_0 ;
    %pushi/vec4 0, 0, 4;
    %assign/vec4 v0x55fdbe871bb0_0, 0;
    %pushi/vec4 0, 0, 1;
    %assign/vec4 v0x55fdbe871af0_0, 0;
    %end;
    .thread T_0;
    .scope S_0x55fdbe85e4e0;
T_1 ;
    %wait E_0x55fdbe85c120;
    %load/vec4 v0x55fdbe871ca0_0;
    %nor/r;
    %flag_set/vec4 8;
    %jmp/0xz  T_1.0, 8;
    %pushi/vec4 0, 0, 4;
    %assign/vec4 v0x55fdbe871bb0_0, 0;
    %jmp T_1.1;
T_1.0 ;
    %load/vec4 v0x55fdbe871bb0_0;
    %cmpi/e 15, 0, 4;
    %jmp/0xz  T_1.2, 4;
    %pushi/vec4 1, 0, 1;
    %assign/vec4 v0x55fdbe871af0_0, 0;
    %pushi/vec4 0, 0, 4;
    %assign/vec4 v0x55fdbe871bb0_0, 0;
    %jmp T_1.3;
T_1.2 ;
    %pushi/vec4 0, 0, 1;
    %assign/vec4 v0x55fdbe871af0_0, 0;
    %load/vec4 v0x55fdbe871bb0_0;
    %addi 1, 0, 4;
    %assign/vec4 v0x55fdbe871bb0_0, 0;
T_1.3 ;
T_1.1 ;
    %jmp T_1;
    .thread T_1;
    .scope S_0x55fdbe85e2b0;
T_2 ;
    %pushi/vec4 1, 0, 1;
    %store/vec4 v0x55fdbe871e10_0, 0, 1;
    %pushi/vec4 1, 0, 1;
    %store/vec4 v0x55fdbe8720d0_0, 0, 1;
    %end;
    .thread T_2;
    .scope S_0x55fdbe85e2b0;
T_3 ;
T_3.0 ;
    %delay 5000, 0;
    %load/vec4 v0x55fdbe871e10_0;
    %inv;
    %store/vec4 v0x55fdbe871e10_0, 0, 1;
    %jmp T_3.0;
    %end;
    .thread T_3;
    .scope S_0x55fdbe85e2b0;
T_4 ;
    %delay 20000, 0;
    %pushi/vec4 1, 0, 1;
    %store/vec4 v0x55fdbe8720d0_0, 0, 1;
    %end;
    .thread T_4;
    .scope S_0x55fdbe85e2b0;
T_5 ;
    %vpi_call 2 40 "$dumpfile", "wave.vcd" {0 0 0};
    %vpi_call 2 41 "$dumpvars" {0 0 0};
    %pushi/vec4 0, 0, 1;
    %assign/vec4 v0x55fdbe8720d0_0, 0;
    %delay 10000, 0;
    %pushi/vec4 1, 0, 1;
    %assign/vec4 v0x55fdbe8720d0_0, 0;
    %delay 200000, 0;
    %pushi/vec4 0, 0, 1;
    %assign/vec4 v0x55fdbe8720d0_0, 0;
    %delay 10000, 0;
    %pushi/vec4 1, 0, 1;
    %assign/vec4 v0x55fdbe8720d0_0, 0;
    %delay 200000, 0;
    %vpi_call 2 50 "$finish" {0 0 0};
    %end;
    .thread T_5;
# The file index is used to find the file name in the following table.
:file_names 4;
    "N/A";
    "<interactive>";
    "tb_counter_4b.v";
    "./counter_4b.v";
