#! /usr/bin/vvp
:ivl_version "12.0 (stable)";
:ivl_delay_selection "TYPICAL";
:vpi_time_precision + 0;
:vpi_module "/usr/lib/x86_64-linux-gnu/ivl/system.vpi";
:vpi_module "/usr/lib/x86_64-linux-gnu/ivl/vhdl_sys.vpi";
:vpi_module "/usr/lib/x86_64-linux-gnu/ivl/vhdl_textio.vpi";
:vpi_module "/usr/lib/x86_64-linux-gnu/ivl/v2005_math.vpi";
:vpi_module "/usr/lib/x86_64-linux-gnu/ivl/va_math.vpi";
S_0x5654175f41f0 .scope module, "led" "led" 2 1;
 .timescale 0 0;
    .port_info 0 /INPUT 1 "clk";
    .port_info 1 /INPUT 1 "rstn";
    .port_info 2 /OUTPUT 4 "led_c";
o0x7f5c8c068018 .functor BUFZ 1, C4<z>; HiZ drive
v0x5654175f57b0_0 .net "clk", 0 0, o0x7f5c8c068018;  0 drivers
v0x5654175f5c30_0 .var "led_c", 3 0;
o0x7f5c8c068078 .functor BUFZ 1, C4<z>; HiZ drive
v0x5654176411a0_0 .net "rstn", 0 0, o0x7f5c8c068078;  0 drivers
v0x565417641240_0 .var "timer", 31 0;
E_0x5654175f4c10/0 .event negedge, v0x5654176411a0_0;
E_0x5654175f4c10/1 .event posedge, v0x5654175f57b0_0;
E_0x5654175f4c10 .event/or E_0x5654175f4c10/0, E_0x5654175f4c10/1;
    .scope S_0x5654175f41f0;
T_0 ;
    %pushi/vec4 0, 0, 32;
    %assign/vec4 v0x565417641240_0, 0;
    %pushi/vec4 0, 0, 4;
    %assign/vec4 v0x5654175f5c30_0, 0;
    %end;
    .thread T_0;
    .scope S_0x5654175f41f0;
T_1 ;
    %wait E_0x5654175f4c10;
    %load/vec4 v0x5654176411a0_0;
    %flag_set/vec4 8;
    %jmp/0xz  T_1.0, 8;
    %pushi/vec4 0, 0, 32;
    %assign/vec4 v0x565417641240_0, 0;
    %jmp T_1.1;
T_1.0 ;
    %load/vec4 v0x565417641240_0;
    %cmpi/e 199999999, 0, 32;
    %jmp/0xz  T_1.2, 4;
    %jmp T_1.3;
T_1.2 ;
    %load/vec4 v0x565417641240_0;
    %addi 1, 0, 32;
    %assign/vec4 v0x565417641240_0, 0;
T_1.3 ;
T_1.1 ;
    %jmp T_1;
    .thread T_1;
    .scope S_0x5654175f41f0;
T_2 ;
    %wait E_0x5654175f4c10;
    %load/vec4 v0x5654176411a0_0;
    %flag_set/vec4 8;
    %jmp/0xz  T_2.0, 8;
    %pushi/vec4 0, 0, 4;
    %assign/vec4 v0x5654175f5c30_0, 0;
    %jmp T_2.1;
T_2.0 ;
    %load/vec4 v0x565417641240_0;
    %cmpi/e 199999999, 0, 32;
    %jmp/0xz  T_2.2, 4;
    %pushi/vec4 0, 0, 32;
    %assign/vec4 v0x565417641240_0, 0;
    %jmp T_2.3;
T_2.2 ;
    %load/vec4 v0x565417641240_0;
    %cmpi/e 149999999, 0, 32;
    %jmp/0xz  T_2.4, 4;
    %pushi/vec4 8, 0, 4;
    %assign/vec4 v0x5654175f5c30_0, 0;
    %jmp T_2.5;
T_2.4 ;
    %load/vec4 v0x565417641240_0;
    %cmpi/e 99999999, 0, 32;
    %jmp/0xz  T_2.6, 4;
    %pushi/vec4 4, 0, 4;
    %assign/vec4 v0x5654175f5c30_0, 0;
    %jmp T_2.7;
T_2.6 ;
    %load/vec4 v0x565417641240_0;
    %cmpi/e 49999999, 0, 32;
    %jmp/0xz  T_2.8, 4;
    %pushi/vec4 2, 0, 4;
    %assign/vec4 v0x5654175f5c30_0, 0;
    %jmp T_2.9;
T_2.8 ;
    %load/vec4 v0x565417641240_0;
    %cmpi/e 0, 0, 32;
    %jmp/0xz  T_2.10, 4;
    %pushi/vec4 1, 0, 4;
    %assign/vec4 v0x5654175f5c30_0, 0;
T_2.10 ;
T_2.9 ;
T_2.7 ;
T_2.5 ;
T_2.3 ;
T_2.1 ;
    %jmp T_2;
    .thread T_2;
# The file index is used to find the file name in the following table.
:file_names 3;
    "N/A";
    "<interactive>";
    "led.v";
