#! /usr/bin/vvp
:ivl_version "12.0 (stable)";
:ivl_delay_selection "TYPICAL";
:vpi_time_precision - 12;
:vpi_module "/usr/lib/x86_64-linux-gnu/ivl/system.vpi";
:vpi_module "/usr/lib/x86_64-linux-gnu/ivl/vhdl_sys.vpi";
:vpi_module "/usr/lib/x86_64-linux-gnu/ivl/vhdl_textio.vpi";
:vpi_module "/usr/lib/x86_64-linux-gnu/ivl/v2005_math.vpi";
:vpi_module "/usr/lib/x86_64-linux-gnu/ivl/va_math.vpi";
S_0x55bec143cee0 .scope module, "tb_led" "tb_led" 2 5;
 .timescale -3 -12;
P_0x55bec143d070 .param/l "PERIOD" 0 2 8, +C4<00000000000000000000000000001010>;
v0x55bec1450fc0_0 .var "clk", 0 0;
v0x55bec1451090_0 .net "led_c", 3 0, v0x55bec14251d0_0;  1 drivers
v0x55bec1451160_0 .var "rstn", 0 0;
S_0x55bec143d110 .scope module, "u_led" "led" 2 29, 3 1 0, S_0x55bec143cee0;
 .timescale -3 -12;
    .port_info 0 /INPUT 1 "clk";
    .port_info 1 /INPUT 1 "rstn";
    .port_info 2 /OUTPUT 4 "led_c";
v0x55bec14250d0_0 .net "clk", 0 0, v0x55bec1450fc0_0;  1 drivers
v0x55bec14251d0_0 .var "led_c", 3 0;
v0x55bec1450dc0_0 .net "rstn", 0 0, v0x55bec1451160_0;  1 drivers
v0x55bec1450e60_0 .var "timer", 31 0;
E_0x55bec1400290/0 .event negedge, v0x55bec1450dc0_0;
E_0x55bec1400290/1 .event posedge, v0x55bec14250d0_0;
E_0x55bec1400290 .event/or E_0x55bec1400290/0, E_0x55bec1400290/1;
    .scope S_0x55bec143d110;
T_0 ;
    %pushi/vec4 0, 0, 32;
    %assign/vec4 v0x55bec1450e60_0, 0;
    %pushi/vec4 0, 0, 4;
    %assign/vec4 v0x55bec14251d0_0, 0;
    %end;
    .thread T_0;
    .scope S_0x55bec143d110;
T_1 ;
    %wait E_0x55bec1400290;
    %load/vec4 v0x55bec1450dc0_0;
    %flag_set/vec4 8;
    %jmp/0xz  T_1.0, 8;
    %pushi/vec4 0, 0, 32;
    %assign/vec4 v0x55bec1450e60_0, 0;
    %jmp T_1.1;
T_1.0 ;
    %load/vec4 v0x55bec1450e60_0;
    %cmpi/e 199999999, 0, 32;
    %jmp/0xz  T_1.2, 4;
    %jmp T_1.3;
T_1.2 ;
    %load/vec4 v0x55bec1450e60_0;
    %addi 1, 0, 32;
    %assign/vec4 v0x55bec1450e60_0, 0;
T_1.3 ;
T_1.1 ;
    %jmp T_1;
    .thread T_1;
    .scope S_0x55bec143d110;
T_2 ;
    %wait E_0x55bec1400290;
    %load/vec4 v0x55bec1450dc0_0;
    %flag_set/vec4 8;
    %jmp/0xz  T_2.0, 8;
    %pushi/vec4 0, 0, 4;
    %assign/vec4 v0x55bec14251d0_0, 0;
    %jmp T_2.1;
T_2.0 ;
    %load/vec4 v0x55bec1450e60_0;
    %cmpi/e 199999999, 0, 32;
    %jmp/0xz  T_2.2, 4;
    %pushi/vec4 0, 0, 32;
    %assign/vec4 v0x55bec1450e60_0, 0;
    %jmp T_2.3;
T_2.2 ;
    %load/vec4 v0x55bec1450e60_0;
    %cmpi/e 149999999, 0, 32;
    %jmp/0xz  T_2.4, 4;
    %pushi/vec4 8, 0, 4;
    %assign/vec4 v0x55bec14251d0_0, 0;
    %jmp T_2.5;
T_2.4 ;
    %load/vec4 v0x55bec1450e60_0;
    %cmpi/e 99999999, 0, 32;
    %jmp/0xz  T_2.6, 4;
    %pushi/vec4 4, 0, 4;
    %assign/vec4 v0x55bec14251d0_0, 0;
    %jmp T_2.7;
T_2.6 ;
    %load/vec4 v0x55bec1450e60_0;
    %cmpi/e 49999999, 0, 32;
    %jmp/0xz  T_2.8, 4;
    %pushi/vec4 2, 0, 4;
    %assign/vec4 v0x55bec14251d0_0, 0;
    %jmp T_2.9;
T_2.8 ;
    %load/vec4 v0x55bec1450e60_0;
    %cmpi/e 0, 0, 32;
    %jmp/0xz  T_2.10, 4;
    %pushi/vec4 1, 0, 4;
    %assign/vec4 v0x55bec14251d0_0, 0;
T_2.10 ;
T_2.9 ;
T_2.7 ;
T_2.5 ;
T_2.3 ;
T_2.1 ;
    %jmp T_2;
    .thread T_2;
    .scope S_0x55bec143cee0;
T_3 ;
    %pushi/vec4 0, 0, 1;
    %store/vec4 v0x55bec1450fc0_0, 0, 1;
    %pushi/vec4 0, 0, 1;
    %store/vec4 v0x55bec1451160_0, 0, 1;
    %end;
    .thread T_3;
    .scope S_0x55bec143cee0;
T_4 ;
T_4.0 ;
    %delay 705032704, 1;
    %load/vec4 v0x55bec1450fc0_0;
    %inv;
    %store/vec4 v0x55bec1450fc0_0, 0, 1;
    %jmp T_4.0;
    %end;
    .thread T_4;
    .scope S_0x55bec143cee0;
T_5 ;
    %delay 2820130816, 4;
    %pushi/vec4 1, 0, 1;
    %store/vec4 v0x55bec1451160_0, 0, 1;
    %end;
    .thread T_5;
    .scope S_0x55bec143cee0;
T_6 ;
    %vpi_call 2 38 "$dumpfile", "wave.vcd" {0 0 0};
    %vpi_call 2 39 "$dumpvars" {0 0 0};
    %delay 1410065408, 2;
    %pushi/vec4 1, 0, 1;
    %assign/vec4 v0x55bec1451160_0, 0;
    %delay 1410065408, 2;
    %pushi/vec4 0, 0, 1;
    %assign/vec4 v0x55bec1451160_0, 0;
    %delay 1233977344, 465661;
    %vpi_call 2 45 "$finish" {0 0 0};
    %end;
    .thread T_6;
# The file index is used to find the file name in the following table.
:file_names 4;
    "N/A";
    "<interactive>";
    "tb_led.v";
    "./led.v";
