#! /usr/bin/vvp
:ivl_version "12.0 (stable)";
:ivl_delay_selection "TYPICAL";
:vpi_time_precision + 0;
:vpi_module "/usr/lib/x86_64-linux-gnu/ivl/system.vpi";
:vpi_module "/usr/lib/x86_64-linux-gnu/ivl/vhdl_sys.vpi";
:vpi_module "/usr/lib/x86_64-linux-gnu/ivl/vhdl_textio.vpi";
:vpi_module "/usr/lib/x86_64-linux-gnu/ivl/v2005_math.vpi";
:vpi_module "/usr/lib/x86_64-linux-gnu/ivl/va_math.vpi";
S_0x55fe2e1c01f0 .scope module, "D_trigger" "D_trigger" 2 1;
 .timescale 0 0;
    .port_info 0 /INPUT 1 "D";
    .port_info 1 /INPUT 1 "clk";
    .port_info 2 /OUTPUT 1 "Q";
o0x7fdab6ab7018 .functor BUFZ 1, C4<z>; HiZ drive
v0x55fe2e1c1c30_0 .net "D", 0 0, o0x7fdab6ab7018;  0 drivers
v0x55fe2e1c2030_0 .var "Q", 0 0;
o0x7fdab6ab7078 .functor BUFZ 1, C4<z>; HiZ drive
v0x55fe2e2066e0_0 .net "clk", 0 0, o0x7fdab6ab7078;  0 drivers
E_0x55fe2e1c0570 .event posedge, v0x55fe2e2066e0_0;
    .scope S_0x55fe2e1c01f0;
T_0 ;
    %wait E_0x55fe2e1c0570;
    %load/vec4 v0x55fe2e1c1c30_0;
    %assign/vec4 v0x55fe2e1c2030_0, 0;
    %jmp T_0;
    .thread T_0;
# The file index is used to find the file name in the following table.
:file_names 3;
    "N/A";
    "<interactive>";
    "D_trigger.v";
