#! /usr/bin/vvp
:ivl_version "12.0 (stable)";
:ivl_delay_selection "TYPICAL";
:vpi_time_precision - 12;
:vpi_module "/usr/lib/x86_64-linux-gnu/ivl/system.vpi";
:vpi_module "/usr/lib/x86_64-linux-gnu/ivl/vhdl_sys.vpi";
:vpi_module "/usr/lib/x86_64-linux-gnu/ivl/vhdl_textio.vpi";
:vpi_module "/usr/lib/x86_64-linux-gnu/ivl/v2005_math.vpi";
:vpi_module "/usr/lib/x86_64-linux-gnu/ivl/va_math.vpi";
S_0x55e9194ef380 .scope module, "tb_D_trigger" "tb_D_trigger" 2 5;
 .timescale -9 -12;
P_0x55e9194ef510 .param/l "PERIOD" 0 2 8, +C4<00000000000000000000000000001010>;
v0x55e9195008f0_0 .var "D", 0 0;
v0x55e9195009c0_0 .net "Q", 0 0, v0x55e9195006e0_0;  1 drivers
v0x55e919500a90_0 .var "clk", 0 0;
S_0x55e9194ef5b0 .scope module, "u_D_trigger" "D_trigger" 2 29, 3 1 0, S_0x55e9194ef380;
 .timescale -9 -12;
    .port_info 0 /INPUT 1 "D";
    .port_info 1 /INPUT 1 "clk";
    .port_info 2 /OUTPUT 1 "Q";
v0x55e9194b60f0_0 .net "D", 0 0, v0x55e9195008f0_0;  1 drivers
v0x55e9195006e0_0 .var "Q", 0 0;
v0x55e9195007a0_0 .net "clk", 0 0, v0x55e919500a90_0;  1 drivers
E_0x55e9194b6690 .event posedge, v0x55e9195007a0_0;
    .scope S_0x55e9194ef5b0;
T_0 ;
    %wait E_0x55e9194b6690;
    %load/vec4 v0x55e9194b60f0_0;
    %assign/vec4 v0x55e9195006e0_0, 0;
    %jmp T_0;
    .thread T_0;
    .scope S_0x55e9194ef380;
T_1 ;
    %pushi/vec4 0, 0, 1;
    %store/vec4 v0x55e9195008f0_0, 0, 1;
    %pushi/vec4 0, 0, 1;
    %store/vec4 v0x55e919500a90_0, 0, 1;
    %end;
    .thread T_1;
    .scope S_0x55e9194ef380;
T_2 ;
T_2.0 ;
    %delay 5000, 0;
    %load/vec4 v0x55e919500a90_0;
    %inv;
    %store/vec4 v0x55e919500a90_0, 0, 1;
    %jmp T_2.0;
    %end;
    .thread T_2;
    .scope S_0x55e9194ef380;
T_3 ;
    %vpi_call 2 38 "$dumpfile", "wave.vcd" {0 0 0};
    %vpi_call 2 39 "$dumpvars" {0 0 0};
    %delay 10000, 0;
    %pushi/vec4 1, 0, 1;
    %store/vec4 v0x55e9195008f0_0, 0, 1;
    %delay 20000, 0;
    %pushi/vec4 0, 0, 1;
    %store/vec4 v0x55e9195008f0_0, 0, 1;
    %delay 20000, 0;
    %vpi_call 2 45 "$finish" {0 0 0};
    %end;
    .thread T_3;
# The file index is used to find the file name in the following table.
:file_names 4;
    "N/A";
    "<interactive>";
    "tb_D_trigger.v";
    "./D_trigger.v";
