#! /usr/bin/vvp
:ivl_version "12.0 (stable)";
:ivl_delay_selection "TYPICAL";
:vpi_time_precision + 0;
:vpi_module "/usr/lib/x86_64-linux-gnu/ivl/system.vpi";
:vpi_module "/usr/lib/x86_64-linux-gnu/ivl/vhdl_sys.vpi";
:vpi_module "/usr/lib/x86_64-linux-gnu/ivl/vhdl_textio.vpi";
:vpi_module "/usr/lib/x86_64-linux-gnu/ivl/v2005_math.vpi";
:vpi_module "/usr/lib/x86_64-linux-gnu/ivl/va_math.vpi";
S_0x56027a435190 .scope module, "full_add2" "full_add2" 2 1;
 .timescale 0 0;
    .port_info 0 /INPUT 1 "a";
    .port_info 1 /INPUT 1 "b";
    .port_info 2 /INPUT 1 "cin";
    .port_info 3 /OUTPUT 1 "sum";
    .port_info 4 /OUTPUT 1 "cout";
o0x7f02945bd0d8 .functor BUFZ 1, C4<z>; HiZ drive
o0x7f02945bd108 .functor BUFZ 1, C4<z>; HiZ drive
L_0x56027a47db90 .functor XOR 1, o0x7f02945bd0d8, o0x7f02945bd108, C4<0>, C4<0>;
o0x7f02945bd138 .functor BUFZ 1, C4<z>; HiZ drive
L_0x56027a47dc80 .functor XOR 1, L_0x56027a47db90, o0x7f02945bd138, C4<0>, C4<0>;
L_0x56027a47dd20 .functor AND 1, o0x7f02945bd0d8, o0x7f02945bd108, C4<1>, C4<1>;
L_0x56027a47de60 .functor XOR 1, o0x7f02945bd0d8, o0x7f02945bd108, C4<0>, C4<0>;
L_0x56027a47df00 .functor AND 1, L_0x56027a47de60, o0x7f02945bd138, C4<1>, C4<1>;
L_0x56027a47e010 .functor OR 1, L_0x56027a47dd20, L_0x56027a47df00, C4<0>, C4<0>;
v0x56027a4353a0_0 .net *"_ivl_0", 0 0, L_0x56027a47db90;  1 drivers
v0x56027a47d430_0 .net *"_ivl_4", 0 0, L_0x56027a47dd20;  1 drivers
v0x56027a47d510_0 .net *"_ivl_6", 0 0, L_0x56027a47de60;  1 drivers
v0x56027a47d600_0 .net *"_ivl_8", 0 0, L_0x56027a47df00;  1 drivers
v0x56027a47d6e0_0 .net "a", 0 0, o0x7f02945bd0d8;  0 drivers
v0x56027a47d7f0_0 .net "b", 0 0, o0x7f02945bd108;  0 drivers
v0x56027a47d8b0_0 .net "cin", 0 0, o0x7f02945bd138;  0 drivers
v0x56027a47d970_0 .net "cout", 0 0, L_0x56027a47e010;  1 drivers
v0x56027a47da30_0 .net "sum", 0 0, L_0x56027a47dc80;  1 drivers
# The file index is used to find the file name in the following table.
:file_names 3;
    "N/A";
    "<interactive>";
    "full_add2.v";
