#! /usr/bin/vvp
:ivl_version "12.0 (stable)";
:ivl_delay_selection "TYPICAL";
:vpi_time_precision - 12;
:vpi_module "/usr/lib/x86_64-linux-gnu/ivl/system.vpi";
:vpi_module "/usr/lib/x86_64-linux-gnu/ivl/vhdl_sys.vpi";
:vpi_module "/usr/lib/x86_64-linux-gnu/ivl/vhdl_textio.vpi";
:vpi_module "/usr/lib/x86_64-linux-gnu/ivl/v2005_math.vpi";
:vpi_module "/usr/lib/x86_64-linux-gnu/ivl/va_math.vpi";
S_0x5621700bab70 .scope module, "tb_full_add2" "tb_full_add2" 2 6;
 .timescale -9 -12;
P_0x5621700bad00 .param/l "PERIOD" 0 2 9, +C4<00000000000000000000000000001010>;
v0x5621700ceed0_0 .var "a", 0 0;
v0x5621700cef90_0 .var "b", 0 0;
v0x5621700cf060_0 .var "cin", 0 0;
v0x5621700cf160_0 .net "cout", 0 0, L_0x5621700cf780;  1 drivers
v0x5621700cf230_0 .net "sum", 0 0, L_0x5621700cf410;  1 drivers
S_0x5621700bada0 .scope module, "u_full_add2" "full_add2" 2 32, 3 1 0, S_0x5621700bab70;
 .timescale -9 -12;
    .port_info 0 /INPUT 1 "a";
    .port_info 1 /INPUT 1 "b";
    .port_info 2 /INPUT 1 "cin";
    .port_info 3 /OUTPUT 1 "sum";
    .port_info 4 /OUTPUT 1 "cout";
L_0x5621700cf2d0 .functor XOR 1, v0x5621700ceed0_0, v0x5621700cef90_0, C4<0>, C4<0>;
L_0x5621700cf410 .functor XOR 1, L_0x5621700cf2d0, v0x5621700cf060_0, C4<0>, C4<0>;
L_0x5621700cf570 .functor AND 1, v0x5621700ceed0_0, v0x5621700cef90_0, C4<1>, C4<1>;
L_0x5621700cf5e0 .functor XOR 1, v0x5621700ceed0_0, v0x5621700cef90_0, C4<0>, C4<0>;
L_0x5621700cf710 .functor AND 1, L_0x5621700cf5e0, v0x5621700cf060_0, C4<1>, C4<1>;
L_0x5621700cf780 .functor OR 1, L_0x5621700cf570, L_0x5621700cf710, C4<0>, C4<0>;
v0x5621700810f0_0 .net *"_ivl_0", 0 0, L_0x5621700cf2d0;  1 drivers
v0x5621700ce7a0_0 .net *"_ivl_4", 0 0, L_0x5621700cf570;  1 drivers
v0x5621700ce880_0 .net *"_ivl_6", 0 0, L_0x5621700cf5e0;  1 drivers
v0x5621700ce940_0 .net *"_ivl_8", 0 0, L_0x5621700cf710;  1 drivers
v0x5621700cea20_0 .net "a", 0 0, v0x5621700ceed0_0;  1 drivers
v0x5621700ceb30_0 .net "b", 0 0, v0x5621700cef90_0;  1 drivers
v0x5621700cebf0_0 .net "cin", 0 0, v0x5621700cf060_0;  1 drivers
v0x5621700cecb0_0 .net "cout", 0 0, L_0x5621700cf780;  alias, 1 drivers
v0x5621700ced70_0 .net "sum", 0 0, L_0x5621700cf410;  alias, 1 drivers
    .scope S_0x5621700bab70;
T_0 ;
    %pushi/vec4 0, 0, 1;
    %store/vec4 v0x5621700ceed0_0, 0, 1;
    %pushi/vec4 0, 0, 1;
    %store/vec4 v0x5621700cef90_0, 0, 1;
    %pushi/vec4 0, 0, 1;
    %store/vec4 v0x5621700cf060_0, 0, 1;
    %end;
    .thread T_0;
    .scope S_0x5621700bab70;
T_1 ;
    %vpi_call 2 43 "$dumpfile", "wave.vcd" {0 0 0};
    %vpi_call 2 44 "$dumpvars" {0 0 0};
    %pushi/vec4 1, 0, 1;
    %store/vec4 v0x5621700ceed0_0, 0, 1;
    %pushi/vec4 1, 0, 1;
    %store/vec4 v0x5621700cef90_0, 0, 1;
    %pushi/vec4 1, 0, 1;
    %store/vec4 v0x5621700cf060_0, 0, 1;
    %delay 10000, 0;
    %pushi/vec4 0, 0, 1;
    %store/vec4 v0x5621700ceed0_0, 0, 1;
    %pushi/vec4 0, 0, 1;
    %store/vec4 v0x5621700cef90_0, 0, 1;
    %pushi/vec4 0, 0, 1;
    %store/vec4 v0x5621700cf060_0, 0, 1;
    %delay 10000, 0;
    %pushi/vec4 1, 0, 1;
    %store/vec4 v0x5621700ceed0_0, 0, 1;
    %pushi/vec4 1, 0, 1;
    %store/vec4 v0x5621700cef90_0, 0, 1;
    %pushi/vec4 1, 0, 1;
    %store/vec4 v0x5621700cf060_0, 0, 1;
    %delay 10000, 0;
    %vpi_call 2 57 "$finish" {0 0 0};
    %end;
    .thread T_1;
# The file index is used to find the file name in the following table.
:file_names 4;
    "N/A";
    "<interactive>";
    "tb_full_add2.v";
    "./full_add2.v";
