#! /usr/bin/vvp
:ivl_version "12.0 (stable)";
:ivl_delay_selection "TYPICAL";
:vpi_time_precision + 0;
:vpi_module "/usr/lib/x86_64-linux-gnu/ivl/system.vpi";
:vpi_module "/usr/lib/x86_64-linux-gnu/ivl/vhdl_sys.vpi";
:vpi_module "/usr/lib/x86_64-linux-gnu/ivl/vhdl_textio.vpi";
:vpi_module "/usr/lib/x86_64-linux-gnu/ivl/v2005_math.vpi";
:vpi_module "/usr/lib/x86_64-linux-gnu/ivl/va_math.vpi";
S_0x555fcc32f190 .scope module, "mux3_1a" "mux3_1a" 2 1;
 .timescale 0 0;
    .port_info 0 /INPUT 3 "sl";
    .port_info 1 /INPUT 1 "a";
    .port_info 2 /INPUT 1 "b";
    .port_info 3 /INPUT 1 "c";
    .port_info 4 /OUTPUT 1 "out";
o0x7ff8214de018 .functor BUFZ 1, C4<z>; HiZ drive
v0x555fcc330c30_0 .net "a", 0 0, o0x7ff8214de018;  0 drivers
o0x7ff8214de048 .functor BUFZ 1, C4<z>; HiZ drive
v0x555fcc331030_0 .net "b", 0 0, o0x7ff8214de048;  0 drivers
o0x7ff8214de078 .functor BUFZ 1, C4<z>; HiZ drive
v0x555fcc376cf0_0 .net "c", 0 0, o0x7ff8214de078;  0 drivers
v0x555fcc376d90_0 .var "out", 0 0;
o0x7ff8214de0d8 .functor BUFZ 3, C4<zzz>; HiZ drive
v0x555fcc376e50_0 .net "sl", 2 0, o0x7ff8214de0d8;  0 drivers
E_0x555fcc368010 .event anyedge, v0x555fcc376e50_0, v0x555fcc330c30_0, v0x555fcc331030_0, v0x555fcc376cf0_0;
    .scope S_0x555fcc32f190;
T_0 ;
    %wait E_0x555fcc368010;
    %load/vec4 v0x555fcc376e50_0;
    %dup/vec4;
    %pushi/vec4 1, 0, 3;
    %cmp/u;
    %jmp/1 T_0.0, 6;
    %dup/vec4;
    %pushi/vec4 2, 0, 3;
    %cmp/u;
    %jmp/1 T_0.1, 6;
    %dup/vec4;
    %pushi/vec4 4, 0, 3;
    %cmp/u;
    %jmp/1 T_0.2, 6;
    %jmp T_0.3;
T_0.0 ;
    %load/vec4 v0x555fcc330c30_0;
    %store/vec4 v0x555fcc376d90_0, 0, 1;
    %jmp T_0.3;
T_0.1 ;
    %load/vec4 v0x555fcc331030_0;
    %store/vec4 v0x555fcc376d90_0, 0, 1;
    %jmp T_0.3;
T_0.2 ;
    %load/vec4 v0x555fcc376cf0_0;
    %store/vec4 v0x555fcc376d90_0, 0, 1;
    %jmp T_0.3;
T_0.3 ;
    %pop/vec4 1;
    %jmp T_0;
    .thread T_0, $push;
# The file index is used to find the file name in the following table.
:file_names 3;
    "N/A";
    "<interactive>";
    "mux3_1a.v";
