#! /usr/bin/vvp
:ivl_version "12.0 (stable)";
:ivl_delay_selection "TYPICAL";
:vpi_time_precision - 9;
:vpi_module "/usr/lib/x86_64-linux-gnu/ivl/system.vpi";
:vpi_module "/usr/lib/x86_64-linux-gnu/ivl/vhdl_sys.vpi";
:vpi_module "/usr/lib/x86_64-linux-gnu/ivl/vhdl_textio.vpi";
:vpi_module "/usr/lib/x86_64-linux-gnu/ivl/v2005_math.vpi";
:vpi_module "/usr/lib/x86_64-linux-gnu/ivl/va_math.vpi";
S_0x556d265f70b0 .scope module, "tb_mux3_1a" "tb_mux3_1a" 2 5;
 .timescale -9 -9;
P_0x556d265f7240 .param/l "PERIOD" 0 2 8, +C4<00000000000000000000000000001010>;
v0x556d26609a60_0 .var "a", 0 0;
v0x556d26609b20_0 .var "b", 0 0;
v0x556d26609bf0_0 .var "c", 0 0;
v0x556d26609cf0_0 .net "out", 0 0, v0x556d266097d0_0;  1 drivers
v0x556d26609dc0_0 .var "sl", 2 0;
S_0x556d265f72e0 .scope module, "u_mux3_1a" "mux3_1a" 2 31, 3 1 0, S_0x556d265f70b0;
 .timescale -9 -9;
    .port_info 0 /INPUT 3 "sl";
    .port_info 1 /INPUT 1 "a";
    .port_info 2 /INPUT 1 "b";
    .port_info 3 /INPUT 1 "c";
    .port_info 4 /OUTPUT 1 "out";
v0x556d265bd0f0_0 .net "a", 0 0, v0x556d26609a60_0;  1 drivers
v0x556d26609640_0 .net "b", 0 0, v0x556d26609b20_0;  1 drivers
v0x556d26609700_0 .net "c", 0 0, v0x556d26609bf0_0;  1 drivers
v0x556d266097d0_0 .var "out", 0 0;
v0x556d26609890_0 .net "sl", 2 0, v0x556d26609dc0_0;  1 drivers
E_0x556d265f6080 .event anyedge, v0x556d26609890_0, v0x556d265bd0f0_0, v0x556d26609640_0, v0x556d26609700_0;
    .scope S_0x556d265f72e0;
T_0 ;
    %wait E_0x556d265f6080;
    %load/vec4 v0x556d26609890_0;
    %dup/vec4;
    %pushi/vec4 1, 0, 3;
    %cmp/u;
    %jmp/1 T_0.0, 6;
    %dup/vec4;
    %pushi/vec4 2, 0, 3;
    %cmp/u;
    %jmp/1 T_0.1, 6;
    %dup/vec4;
    %pushi/vec4 4, 0, 3;
    %cmp/u;
    %jmp/1 T_0.2, 6;
    %jmp T_0.3;
T_0.0 ;
    %load/vec4 v0x556d265bd0f0_0;
    %store/vec4 v0x556d266097d0_0, 0, 1;
    %jmp T_0.3;
T_0.1 ;
    %load/vec4 v0x556d26609640_0;
    %store/vec4 v0x556d266097d0_0, 0, 1;
    %jmp T_0.3;
T_0.2 ;
    %load/vec4 v0x556d26609700_0;
    %store/vec4 v0x556d266097d0_0, 0, 1;
    %jmp T_0.3;
T_0.3 ;
    %pop/vec4 1;
    %jmp T_0;
    .thread T_0, $push;
    .scope S_0x556d265f70b0;
T_1 ;
    %pushi/vec4 0, 0, 3;
    %store/vec4 v0x556d26609dc0_0, 0, 3;
    %pushi/vec4 0, 0, 1;
    %store/vec4 v0x556d26609a60_0, 0, 1;
    %pushi/vec4 1, 0, 1;
    %store/vec4 v0x556d26609b20_0, 0, 1;
    %pushi/vec4 0, 0, 1;
    %store/vec4 v0x556d26609bf0_0, 0, 1;
    %end;
    .thread T_1;
    .scope S_0x556d265f70b0;
T_2 ;
    %vpi_call 2 42 "$dumpfile", "wave.vcd" {0 0 0};
    %vpi_call 2 43 "$dumpvars" {0 0 0};
    %pushi/vec4 1, 0, 3;
    %store/vec4 v0x556d26609dc0_0, 0, 3;
    %delay 10, 0;
    %pushi/vec4 2, 0, 3;
    %store/vec4 v0x556d26609dc0_0, 0, 3;
    %delay 10, 0;
    %pushi/vec4 4, 0, 3;
    %store/vec4 v0x556d26609dc0_0, 0, 3;
    %delay 10, 0;
    %vpi_call 2 50 "$finish" {0 0 0};
    %end;
    .thread T_2;
# The file index is used to find the file name in the following table.
:file_names 4;
    "N/A";
    "<interactive>";
    "tb_mux3_1a.v";
    "././mux3_1a.v";
