#! /usr/bin/vvp
:ivl_version "12.0 (stable)";
:ivl_delay_selection "TYPICAL";
:vpi_time_precision + 0;
:vpi_module "/usr/lib/x86_64-linux-gnu/ivl/system.vpi";
:vpi_module "/usr/lib/x86_64-linux-gnu/ivl/vhdl_sys.vpi";
:vpi_module "/usr/lib/x86_64-linux-gnu/ivl/vhdl_textio.vpi";
:vpi_module "/usr/lib/x86_64-linux-gnu/ivl/v2005_math.vpi";
:vpi_module "/usr/lib/x86_64-linux-gnu/ivl/va_math.vpi";
S_0x559ff8d961c0 .scope module, "PWM" "PWM" 2 1;
 .timescale 0 0;
    .port_info 0 /OUTPUT 32 "timer";
    .port_info 1 /INPUT 1 "clk";
    .port_info 2 /OUTPUT 1 "out";
    .port_info 3 /INPUT 1 "rstn";
o0x7fe89eb99018 .functor BUFZ 1, C4<z>; HiZ drive
v0x559ff8d98030_0 .net "clk", 0 0, o0x7fe89eb99018;  0 drivers
v0x559ff8de1230_0 .var "out", 0 0;
o0x7fe89eb99078 .functor BUFZ 1, C4<z>; HiZ drive
v0x559ff8de12f0_0 .net "rstn", 0 0, o0x7fe89eb99078;  0 drivers
v0x559ff8de13c0_0 .var "timer", 31 0;
E_0x559ff8d96b90/0 .event negedge, v0x559ff8de12f0_0;
E_0x559ff8d96b90/1 .event posedge, v0x559ff8d98030_0;
E_0x559ff8d96b90 .event/or E_0x559ff8d96b90/0, E_0x559ff8d96b90/1;
    .scope S_0x559ff8d961c0;
T_0 ;
    %pushi/vec4 0, 0, 32;
    %assign/vec4 v0x559ff8de13c0_0, 0;
    %pushi/vec4 0, 0, 1;
    %assign/vec4 v0x559ff8de1230_0, 0;
    %end;
    .thread T_0;
    .scope S_0x559ff8d961c0;
T_1 ;
    %wait E_0x559ff8d96b90;
    %load/vec4 v0x559ff8de12f0_0;
    %nor/r;
    %flag_set/vec4 8;
    %jmp/0xz  T_1.0, 8;
    %pushi/vec4 0, 0, 32;
    %assign/vec4 v0x559ff8de13c0_0, 0;
    %jmp T_1.1;
T_1.0 ;
    %load/vec4 v0x559ff8de13c0_0;
    %cmpi/e 15, 0, 32;
    %jmp/0xz  T_1.2, 4;
    %pushi/vec4 0, 0, 32;
    %assign/vec4 v0x559ff8de13c0_0, 0;
    %jmp T_1.3;
T_1.2 ;
    %load/vec4 v0x559ff8de13c0_0;
    %cmpi/e 3, 0, 32;
    %jmp/0xz  T_1.4, 4;
    %pushi/vec4 1, 0, 1;
    %assign/vec4 v0x559ff8de1230_0, 0;
    %load/vec4 v0x559ff8de13c0_0;
    %addi 1, 0, 32;
    %assign/vec4 v0x559ff8de13c0_0, 0;
    %jmp T_1.5;
T_1.4 ;
    %load/vec4 v0x559ff8de13c0_0;
    %cmpi/e 7, 0, 32;
    %jmp/0xz  T_1.6, 4;
    %pushi/vec4 0, 0, 1;
    %assign/vec4 v0x559ff8de1230_0, 0;
    %load/vec4 v0x559ff8de13c0_0;
    %addi 1, 0, 32;
    %assign/vec4 v0x559ff8de13c0_0, 0;
    %jmp T_1.7;
T_1.6 ;
    %load/vec4 v0x559ff8de13c0_0;
    %addi 1, 0, 32;
    %assign/vec4 v0x559ff8de13c0_0, 0;
T_1.7 ;
T_1.5 ;
T_1.3 ;
T_1.1 ;
    %jmp T_1;
    .thread T_1;
# The file index is used to find the file name in the following table.
:file_names 3;
    "N/A";
    "<interactive>";
    "PWM.v";
