#! /usr/bin/vvp
:ivl_version "12.0 (stable)";
:ivl_delay_selection "TYPICAL";
:vpi_time_precision + 0;
:vpi_module "/usr/lib/x86_64-linux-gnu/ivl/system.vpi";
:vpi_module "/usr/lib/x86_64-linux-gnu/ivl/vhdl_sys.vpi";
:vpi_module "/usr/lib/x86_64-linux-gnu/ivl/vhdl_textio.vpi";
:vpi_module "/usr/lib/x86_64-linux-gnu/ivl/v2005_math.vpi";
:vpi_module "/usr/lib/x86_64-linux-gnu/ivl/va_math.vpi";
S_0x55f2e6376190 .scope module, "first" "first" 2 3;
 .timescale 0 0;
    .port_info 0 /INPUT 1 "a";
    .port_info 1 /INPUT 1 "b";
    .port_info 2 /OUTPUT 1 "out";
    .port_info 3 /INPUT 1 "sl1";
o0x7f70178c9018 .functor BUFZ 1, C4<z>; HiZ drive
v0x55f2e6377c30_0 .net "a", 0 0, o0x7f70178c9018;  0 drivers
o0x7f70178c9048 .functor BUFZ 1, C4<z>; HiZ drive
v0x55f2e6378030_0 .net "b", 0 0, o0x7f70178c9048;  0 drivers
v0x55f2e63bcec0_0 .var "out", 0 0;
o0x7f70178c90a8 .functor BUFZ 1, C4<z>; HiZ drive
v0x55f2e63bcf60_0 .net "sl1", 0 0, o0x7f70178c90a8;  0 drivers
E_0x55f2e6376a90 .event anyedge, v0x55f2e63bcf60_0, v0x55f2e6377c30_0, v0x55f2e6378030_0;
    .scope S_0x55f2e6376190;
T_0 ;
    %wait E_0x55f2e6376a90;
    %load/vec4 v0x55f2e63bcf60_0;
    %flag_set/vec4 8;
    %jmp/0xz  T_0.0, 8;
    %load/vec4 v0x55f2e6377c30_0;
    %store/vec4 v0x55f2e63bcec0_0, 0, 1;
    %jmp T_0.1;
T_0.0 ;
    %load/vec4 v0x55f2e6378030_0;
    %store/vec4 v0x55f2e63bcec0_0, 0, 1;
T_0.1 ;
    %jmp T_0;
    .thread T_0, $push;
# The file index is used to find the file name in the following table.
:file_names 3;
    "N/A";
    "<interactive>";
    "mux21a_u1.v";
