#! /usr/bin/vvp
:ivl_version "12.0 (stable)";
:ivl_delay_selection "TYPICAL";
:vpi_time_precision - 9;
:vpi_module "/usr/lib/x86_64-linux-gnu/ivl/system.vpi";
:vpi_module "/usr/lib/x86_64-linux-gnu/ivl/vhdl_sys.vpi";
:vpi_module "/usr/lib/x86_64-linux-gnu/ivl/vhdl_textio.vpi";
:vpi_module "/usr/lib/x86_64-linux-gnu/ivl/v2005_math.vpi";
:vpi_module "/usr/lib/x86_64-linux-gnu/ivl/va_math.vpi";
S_0x5582f118d830 .scope module, "tb_first" "tb_first" 2 5;
 .timescale -9 -9;
P_0x5582f118eff0 .param/l "PERIOD" 0 2 8, +C4<00000000000000000000000000001010>;
v0x5582f11a1bc0_0 .var "a", 0 0;
v0x5582f11a1c80_0 .var "b", 0 0;
v0x5582f11a1d50_0 .var "c", 0 0;
v0x5582f11a1e50_0 .net "out_end", 0 0, v0x5582f11a1980_0;  1 drivers
v0x5582f11a1f20_0 .net "out_firt", 0 0, v0x5582f11a12f0_0;  1 drivers
v0x5582f11a2060_0 .var "sl1", 0 0;
v0x5582f11a2100_0 .var "sl2", 0 0;
S_0x5582f118da10 .scope module, "u_ab" "first" 2 32, 3 3 0, S_0x5582f118d830;
 .timescale -9 -9;
    .port_info 0 /INPUT 1 "a";
    .port_info 1 /INPUT 1 "b";
    .port_info 2 /OUTPUT 1 "out";
    .port_info 3 /INPUT 1 "sl1";
v0x5582f11540f0_0 .net "a", 0 0, v0x5582f11a1bc0_0;  1 drivers
v0x5582f11a1230_0 .net "b", 0 0, v0x5582f11a1c80_0;  1 drivers
v0x5582f11a12f0_0 .var "out", 0 0;
v0x5582f11a13c0_0 .net "sl1", 0 0, v0x5582f11a2060_0;  1 drivers
E_0x5582f11549d0 .event anyedge, v0x5582f11a13c0_0, v0x5582f11540f0_0, v0x5582f11a1230_0;
S_0x5582f11a1530 .scope module, "u_bc" "first" 2 40, 3 3 0, S_0x5582f118d830;
 .timescale -9 -9;
    .port_info 0 /INPUT 1 "a";
    .port_info 1 /INPUT 1 "b";
    .port_info 2 /OUTPUT 1 "out";
    .port_info 3 /INPUT 1 "sl1";
v0x5582f11a17f0_0 .net "a", 0 0, v0x5582f11a12f0_0;  alias, 1 drivers
v0x5582f11a18e0_0 .net "b", 0 0, v0x5582f11a1d50_0;  1 drivers
v0x5582f11a1980_0 .var "out", 0 0;
v0x5582f11a1a50_0 .net "sl1", 0 0, v0x5582f11a2100_0;  1 drivers
E_0x5582f118f970 .event anyedge, v0x5582f11a1a50_0, v0x5582f11a12f0_0, v0x5582f11a18e0_0;
    .scope S_0x5582f118da10;
T_0 ;
    %wait E_0x5582f11549d0;
    %load/vec4 v0x5582f11a13c0_0;
    %flag_set/vec4 8;
    %jmp/0xz  T_0.0, 8;
    %load/vec4 v0x5582f11540f0_0;
    %store/vec4 v0x5582f11a12f0_0, 0, 1;
    %jmp T_0.1;
T_0.0 ;
    %load/vec4 v0x5582f11a1230_0;
    %store/vec4 v0x5582f11a12f0_0, 0, 1;
T_0.1 ;
    %jmp T_0;
    .thread T_0, $push;
    .scope S_0x5582f11a1530;
T_1 ;
    %wait E_0x5582f118f970;
    %load/vec4 v0x5582f11a1a50_0;
    %flag_set/vec4 8;
    %jmp/0xz  T_1.0, 8;
    %load/vec4 v0x5582f11a17f0_0;
    %store/vec4 v0x5582f11a1980_0, 0, 1;
    %jmp T_1.1;
T_1.0 ;
    %load/vec4 v0x5582f11a18e0_0;
    %store/vec4 v0x5582f11a1980_0, 0, 1;
T_1.1 ;
    %jmp T_1;
    .thread T_1, $push;
    .scope S_0x5582f118d830;
T_2 ;
    %pushi/vec4 1, 0, 1;
    %store/vec4 v0x5582f11a1bc0_0, 0, 1;
    %pushi/vec4 0, 0, 1;
    %store/vec4 v0x5582f11a1c80_0, 0, 1;
    %pushi/vec4 0, 0, 1;
    %store/vec4 v0x5582f11a2060_0, 0, 1;
    %pushi/vec4 0, 0, 1;
    %store/vec4 v0x5582f11a1d50_0, 0, 1;
    %pushi/vec4 0, 0, 1;
    %store/vec4 v0x5582f11a2100_0, 0, 1;
    %end;
    .thread T_2;
    .scope S_0x5582f118d830;
T_3 ;
    %vpi_call 2 50 "$dumpfile", "wave.vcd" {0 0 0};
    %vpi_call 2 51 "$dumpvars" {0 0 0};
    %delay 10, 0;
    %pushi/vec4 1, 0, 1;
    %store/vec4 v0x5582f11a2060_0, 0, 1;
    %pushi/vec4 0, 0, 1;
    %store/vec4 v0x5582f11a2100_0, 0, 1;
    %delay 10, 0;
    %pushi/vec4 1, 0, 1;
    %store/vec4 v0x5582f11a2100_0, 0, 1;
    %delay 10, 0;
    %vpi_call 2 58 "$finish" {0 0 0};
    %end;
    .thread T_3;
# The file index is used to find the file name in the following table.
:file_names 4;
    "N/A";
    "<interactive>";
    "tb_mux21a_u1.v";
    "./mux21a_u1.v";
