#! /usr/bin/vvp
:ivl_version "12.0 (stable)";
:ivl_delay_selection "TYPICAL";
:vpi_time_precision - 12;
:vpi_module "/usr/lib/x86_64-linux-gnu/ivl/system.vpi";
:vpi_module "/usr/lib/x86_64-linux-gnu/ivl/vhdl_sys.vpi";
:vpi_module "/usr/lib/x86_64-linux-gnu/ivl/vhdl_textio.vpi";
:vpi_module "/usr/lib/x86_64-linux-gnu/ivl/v2005_math.vpi";
:vpi_module "/usr/lib/x86_64-linux-gnu/ivl/va_math.vpi";
S_0x55c35ceb5040 .scope module, "tb_moduleName" "tb_moduleName" 2 5;
 .timescale -9 -12;
P_0x55c35ceb51d0 .param/l "PERIOD" 0 2 8, +C4<00000000000000000000000000001010>;
v0x55c35cec6d70_0 .net "c", 0 0, v0x55c35ce7b370_0;  1 drivers
v0x55c35cec6e30_0 .var "num1", 7 0;
v0x55c35cec6f00_0 .var "num2", 7 0;
v0x55c35cec7000_0 .net "out", 7 0, v0x55c35cec6be0_0;  1 drivers
S_0x55c35ce7b0f0 .scope module, "u_moduleName" "moduleName" 2 30, 3 1 0, S_0x55c35ceb5040;
 .timescale -9 -12;
    .port_info 0 /INPUT 8 "num1";
    .port_info 1 /INPUT 8 "num2";
    .port_info 2 /OUTPUT 8 "out";
    .port_info 3 /OUTPUT 1 "c";
v0x55c35ce7b370_0 .var "c", 0 0;
v0x55c35cec6a10_0 .net "num1", 7 0, v0x55c35cec6e30_0;  1 drivers
v0x55c35cec6af0_0 .net "num2", 7 0, v0x55c35cec6f00_0;  1 drivers
v0x55c35cec6be0_0 .var "out", 7 0;
E_0x55c35ceb4530 .event anyedge, v0x55c35cec6a10_0, v0x55c35cec6af0_0;
    .scope S_0x55c35ce7b0f0;
T_0 ;
    %wait E_0x55c35ceb4530;
    %load/vec4 v0x55c35cec6a10_0;
    %load/vec4 v0x55c35cec6af0_0;
    %add;
    %assign/vec4 v0x55c35cec6be0_0, 0;
    %load/vec4 v0x55c35cec6a10_0;
    %parti/s 1, 7, 4;
    %load/vec4 v0x55c35cec6af0_0;
    %parti/s 1, 7, 4;
    %and;
    %assign/vec4 v0x55c35ce7b370_0, 0;
    %jmp T_0;
    .thread T_0, $push;
    .scope S_0x55c35ceb5040;
T_1 ;
    %pushi/vec4 0, 0, 8;
    %store/vec4 v0x55c35cec6e30_0, 0, 8;
    %pushi/vec4 0, 0, 8;
    %store/vec4 v0x55c35cec6f00_0, 0, 8;
    %end;
    .thread T_1;
    .scope S_0x55c35ceb5040;
T_2 ;
    %vpi_call 2 40 "$dumpfile", "wave.vcd" {0 0 0};
    %vpi_call 2 41 "$dumpvars" {0 0 0};
    %pushi/vec4 170, 0, 8;
    %store/vec4 v0x55c35cec6e30_0, 0, 8;
    %pushi/vec4 215, 0, 8;
    %store/vec4 v0x55c35cec6f00_0, 0, 8;
    %delay 10000, 0;
    %vpi_call 2 45 "$finish" {0 0 0};
    %end;
    .thread T_2;
# The file index is used to find the file name in the following table.
:file_names 4;
    "N/A";
    "<interactive>";
    "tb_8bit.v";
    "./8bit_add.v";
