#! /usr/bin/vvp
:ivl_version "12.0 (stable)";
:ivl_delay_selection "TYPICAL";
:vpi_time_precision + 0;
:vpi_module "/usr/lib/x86_64-linux-gnu/ivl/system.vpi";
:vpi_module "/usr/lib/x86_64-linux-gnu/ivl/vhdl_sys.vpi";
:vpi_module "/usr/lib/x86_64-linux-gnu/ivl/vhdl_textio.vpi";
:vpi_module "/usr/lib/x86_64-linux-gnu/ivl/v2005_math.vpi";
:vpi_module "/usr/lib/x86_64-linux-gnu/ivl/va_math.vpi";
S_0x556588deb1f0 .scope module, "button" "button" 2 1;
 .timescale 0 0;
    .port_info 0 /INPUT 1 "a";
    .port_info 1 /OUTPUT 1 "out";
o0x7f2c78fed018 .functor BUFZ 1, C4<z>; HiZ drive
v0x556588decc30_0 .net "a", 0 0, o0x7f2c78fed018;  0 drivers
v0x556588ded030_0 .var "out", 0 0;
v0x556588e333c0_0 .var "timer", 15 0;
E_0x556588deb8b0 .event anyedge, v0x556588decc30_0;
    .scope S_0x556588deb1f0;
T_0 ;
    %pushi/vec4 0, 0, 16;
    %assign/vec4 v0x556588e333c0_0, 0;
    %end;
    .thread T_0;
    .scope S_0x556588deb1f0;
T_1 ;
    %wait E_0x556588deb8b0;
    %load/vec4 v0x556588e333c0_0;
    %cmpi/e 511, 0, 16;
    %flag_get/vec4 4;
    %jmp/0 T_1.2, 4;
    %load/vec4 v0x556588decc30_0;
    %pushi/vec4 1, 0, 1;
    %cmp/e;
    %flag_get/vec4 4;
    %and;
T_1.2;
    %flag_set/vec4 8;
    %jmp/0xz  T_1.0, 8;
    %pushi/vec4 0, 0, 16;
    %assign/vec4 v0x556588e333c0_0, 0;
    %pushi/vec4 1, 0, 1;
    %assign/vec4 v0x556588ded030_0, 0;
    %jmp T_1.1;
T_1.0 ;
    %pushi/vec4 0, 0, 1;
    %assign/vec4 v0x556588ded030_0, 0;
T_1.1 ;
    %load/vec4 v0x556588e333c0_0;
    %addi 1, 0, 16;
    %assign/vec4 v0x556588e333c0_0, 0;
    %jmp T_1;
    .thread T_1, $push;
# The file index is used to find the file name in the following table.
:file_names 3;
    "N/A";
    "<interactive>";
    "button.v";
