#! /usr/bin/vvp
:ivl_version "12.0 (stable)";
:ivl_delay_selection "TYPICAL";
:vpi_time_precision - 12;
:vpi_module "/usr/lib/x86_64-linux-gnu/ivl/system.vpi";
:vpi_module "/usr/lib/x86_64-linux-gnu/ivl/vhdl_sys.vpi";
:vpi_module "/usr/lib/x86_64-linux-gnu/ivl/vhdl_textio.vpi";
:vpi_module "/usr/lib/x86_64-linux-gnu/ivl/v2005_math.vpi";
:vpi_module "/usr/lib/x86_64-linux-gnu/ivl/va_math.vpi";
S_0x55b96a73a7b0 .scope module, "tb_button" "tb_button" 2 5;
 .timescale -9 -12;
P_0x55b96a73a940 .param/l "PERIOD" 0 2 8, +C4<00000000000000000000000000001010>;
v0x55b96a74c280_0 .var "a", 0 0;
v0x55b96a74c350_0 .net "out", 0 0, v0x55b96a74c070_0;  1 drivers
S_0x55b96a7000f0 .scope module, "u_button" "button" 2 19, 3 1 0, S_0x55b96a73a7b0;
 .timescale -9 -12;
    .port_info 0 /INPUT 1 "a";
    .port_info 1 /OUTPUT 1 "out";
v0x55b96a7002f0_0 .net *"_ivl_2", 0 0, L_0x55b96a74c420;  1 drivers
v0x55b96a74bfb0_0 .net "a", 0 0, v0x55b96a74c280_0;  1 drivers
v0x55b96a74c070_0 .var "out", 0 0;
v0x55b96a74c140_0 .var "timer", 15 0;
E_0x55b96a700950 .event anyedge, L_0x55b96a74c420;
L_0x55b96a74c420 .reduce/nor v0x55b96a74c280_0;
    .scope S_0x55b96a7000f0;
T_0 ;
    %pushi/vec4 0, 0, 16;
    %assign/vec4 v0x55b96a74c140_0, 0;
    %end;
    .thread T_0;
    .scope S_0x55b96a7000f0;
T_1 ;
    %wait E_0x55b96a700950;
    %load/vec4 v0x55b96a74c140_0;
    %cmpi/e 511, 0, 16;
    %flag_get/vec4 4;
    %jmp/0 T_1.2, 4;
    %load/vec4 v0x55b96a74bfb0_0;
    %pushi/vec4 0, 0, 1;
    %cmp/e;
    %flag_get/vec4 4;
    %and;
T_1.2;
    %flag_set/vec4 8;
    %jmp/0xz  T_1.0, 8;
    %pushi/vec4 0, 0, 16;
    %assign/vec4 v0x55b96a74c140_0, 0;
    %pushi/vec4 1, 0, 1;
    %assign/vec4 v0x55b96a74c070_0, 0;
    %jmp T_1.1;
T_1.0 ;
    %pushi/vec4 0, 0, 1;
    %assign/vec4 v0x55b96a74c070_0, 0;
T_1.1 ;
    %load/vec4 v0x55b96a74c140_0;
    %addi 1, 0, 16;
    %assign/vec4 v0x55b96a74c140_0, 0;
    %jmp T_1;
    .thread T_1, $push;
    .scope S_0x55b96a73a7b0;
T_2 ;
    %pushi/vec4 0, 0, 1;
    %store/vec4 v0x55b96a74c280_0, 0, 1;
    %end;
    .thread T_2;
    .scope S_0x55b96a73a7b0;
T_3 ;
    %vpi_call 2 27 "$dumpfile", "wave.vcd" {0 0 0};
    %vpi_call 2 28 "$dumpvars" {0 0 0};
    %pushi/vec4 0, 0, 1;
    %store/vec4 v0x55b96a74c280_0, 0, 1;
    %delay 5000, 0;
    %pushi/vec4 1, 0, 1;
    %store/vec4 v0x55b96a74c280_0, 0, 1;
    %delay 10000, 0;
    %pushi/vec4 0, 0, 1;
    %store/vec4 v0x55b96a74c280_0, 0, 1;
    %delay 50000000, 0;
    %pushi/vec4 1, 0, 1;
    %store/vec4 v0x55b96a74c280_0, 0, 1;
    %delay 10000, 0;
    %pushi/vec4 1, 0, 1;
    %store/vec4 v0x55b96a74c280_0, 0, 1;
    %delay 10000000, 0;
    %pushi/vec4 0, 0, 1;
    %store/vec4 v0x55b96a74c280_0, 0, 1;
    %vpi_call 2 40 "$finish" {0 0 0};
    %end;
    .thread T_3;
# The file index is used to find the file name in the following table.
:file_names 4;
    "N/A";
    "<interactive>";
    "tb_button.v";
    "./button.v";
