#! /usr/bin/vvp
:ivl_version "12.0 (stable)";
:ivl_delay_selection "TYPICAL";
:vpi_time_precision + 0;
:vpi_module "/usr/lib/x86_64-linux-gnu/ivl/system.vpi";
:vpi_module "/usr/lib/x86_64-linux-gnu/ivl/vhdl_sys.vpi";
:vpi_module "/usr/lib/x86_64-linux-gnu/ivl/vhdl_textio.vpi";
:vpi_module "/usr/lib/x86_64-linux-gnu/ivl/v2005_math.vpi";
:vpi_module "/usr/lib/x86_64-linux-gnu/ivl/va_math.vpi";
S_0x5643c4bd61e0 .scope module, "mux21a" "mux21a" 2 1;
 .timescale 0 0;
    .port_info 0 /INPUT 1 "a";
    .port_info 1 /INPUT 1 "b";
    .port_info 2 /OUTPUT 1 "out";
    .port_info 3 /INPUT 1 "clk";
o0x7fddcf090018 .functor BUFZ 1, C4<z>; HiZ drive
v0x5643c4bd6400_0 .net "a", 0 0, o0x7fddcf090018;  0 drivers
o0x7fddcf090048 .functor BUFZ 1, C4<z>; HiZ drive
v0x5643c4c1d1a0_0 .net "b", 0 0, o0x7fddcf090048;  0 drivers
o0x7fddcf090078 .functor BUFZ 1, C4<z>; HiZ drive
v0x5643c4c1d260_0 .net "clk", 0 0, o0x7fddcf090078;  0 drivers
v0x5643c4c1d330_0 .var "out", 0 0;
E_0x5643c4bd6a90 .event anyedge, v0x5643c4c1d260_0, v0x5643c4c1d1a0_0, v0x5643c4bd6400_0;
    .scope S_0x5643c4bd61e0;
T_0 ;
    %wait E_0x5643c4bd6a90;
    %load/vec4 v0x5643c4c1d260_0;
    %pad/u 32;
    %cmpi/e 0, 0, 32;
    %jmp/0xz  T_0.0, 4;
    %load/vec4 v0x5643c4bd6400_0;
    %store/vec4 v0x5643c4c1d330_0, 0, 1;
    %jmp T_0.1;
T_0.0 ;
    %load/vec4 v0x5643c4c1d1a0_0;
    %store/vec4 v0x5643c4c1d330_0, 0, 1;
T_0.1 ;
    %jmp T_0;
    .thread T_0, $push;
# The file index is used to find the file name in the following table.
:file_names 3;
    "N/A";
    "<interactive>";
    "mux21a.v";
