#! /usr/bin/vvp
:ivl_version "12.0 (stable)";
:ivl_delay_selection "TYPICAL";
:vpi_time_precision - 9;
:vpi_module "/usr/lib/x86_64-linux-gnu/ivl/system.vpi";
:vpi_module "/usr/lib/x86_64-linux-gnu/ivl/vhdl_sys.vpi";
:vpi_module "/usr/lib/x86_64-linux-gnu/ivl/vhdl_textio.vpi";
:vpi_module "/usr/lib/x86_64-linux-gnu/ivl/v2005_math.vpi";
:vpi_module "/usr/lib/x86_64-linux-gnu/ivl/va_math.vpi";
S_0x556c52bed8a0 .scope module, "tb_mux21a" "tb_mux21a" 2 5;
 .timescale -7 -9;
P_0x556c52bb5300 .param/l "PERIOD" 0 2 8, +C4<00000000000000000000000000001010>;
v0x556c52bff9a0_0 .var "a", 0 0;
v0x556c52bffa90_0 .var "b", 0 0;
v0x556c52bffb60_0 .var "clk", 0 0;
v0x556c52bffc60_0 .net "out", 0 0, v0x556c52bff830_0;  1 drivers
S_0x556c52beda80 .scope module, "u_mux21a" "mux21a" 2 29, 3 1 0, S_0x556c52bed8a0;
 .timescale -7 -9;
    .port_info 0 /INPUT 1 "a";
    .port_info 1 /INPUT 1 "b";
    .port_info 2 /OUTPUT 1 "out";
    .port_info 3 /INPUT 1 "clk";
v0x556c52bb40f0_0 .net "a", 0 0, v0x556c52bff9a0_0;  1 drivers
v0x556c52bff6a0_0 .net "b", 0 0, v0x556c52bffa90_0;  1 drivers
v0x556c52bff760_0 .net "clk", 0 0, v0x556c52bffb60_0;  1 drivers
v0x556c52bff830_0 .var "out", 0 0;
E_0x556c52bb49d0 .event anyedge, v0x556c52bff760_0, v0x556c52bff6a0_0, v0x556c52bb40f0_0;
    .scope S_0x556c52beda80;
T_0 ;
    %wait E_0x556c52bb49d0;
    %load/vec4 v0x556c52bff760_0;
    %pad/u 32;
    %cmpi/e 0, 0, 32;
    %jmp/0xz  T_0.0, 4;
    %load/vec4 v0x556c52bb40f0_0;
    %store/vec4 v0x556c52bff830_0, 0, 1;
    %jmp T_0.1;
T_0.0 ;
    %load/vec4 v0x556c52bff6a0_0;
    %store/vec4 v0x556c52bff830_0, 0, 1;
T_0.1 ;
    %jmp T_0;
    .thread T_0, $push;
    .scope S_0x556c52bed8a0;
T_1 ;
    %pushi/vec4 1, 0, 1;
    %store/vec4 v0x556c52bff9a0_0, 0, 1;
    %pushi/vec4 0, 0, 1;
    %store/vec4 v0x556c52bffa90_0, 0, 1;
    %pushi/vec4 0, 0, 1;
    %store/vec4 v0x556c52bffb60_0, 0, 1;
    %end;
    .thread T_1;
    .scope S_0x556c52bed8a0;
T_2 ;
T_2.0 ;
    %delay 500, 0;
    %load/vec4 v0x556c52bffb60_0;
    %inv;
    %store/vec4 v0x556c52bffb60_0, 0, 1;
    %jmp T_2.0;
    %end;
    .thread T_2;
    .scope S_0x556c52bed8a0;
T_3 ;
    %vpi_call 2 39 "$dumpfile", "wave.vcd" {0 0 0};
    %vpi_call 2 40 "$dumpvars" {0 0 0};
    %delay 5000, 0;
    %pushi/vec4 1, 0, 1;
    %store/vec4 v0x556c52bff9a0_0, 0, 1;
    %pushi/vec4 0, 0, 1;
    %store/vec4 v0x556c52bffa90_0, 0, 1;
    %vpi_call 2 44 "$finish" {0 0 0};
    %end;
    .thread T_3;
# The file index is used to find the file name in the following table.
:file_names 4;
    "N/A";
    "<interactive>";
    "tb_mux21a.v";
    "./mux21a.v";
